<?xml version="1.0" encoding="UTF-8"?>
<!-- Generated by org.testng.reporters.JUnitReportReporter -->
<testsuite hostname="Anish-laptop" failures="0" tests="1" name="MultipleRegisteration.FiftyUsers" time="0.013" errors="0" timestamp="2023-10-04T10:46:27 IST" skipped="0">
  <testcase classname="MultipleRegisteration.FiftyUsers" name="f" time="0.013"/>
</testsuite> <!-- MultipleRegisteration.FiftyUsers -->
