<?xml version="1.0" encoding="UTF-8"?>
<!-- Generated by org.testng.reporters.JUnitReportReporter -->
<testsuite hostname="Anish-laptop" failures="0" tests="1" name="MultipleRegisteration.FiftyUsers" time="83.820" errors="0" timestamp="2023-10-04T11:09:36 IST" skipped="0">
  <testcase classname="MultipleRegisteration.FiftyUsers" name="f" time="83.820"/>
</testsuite> <!-- MultipleRegisteration.FiftyUsers -->
